[
  {
    "line": 2,
    "elements": [
      {
        "line": 4,
        "name": "",
        "description": "",
        "type": "background",
        "keyword": "Background",
        "steps": [
          {
            "result": {
              "duration": 17256722995,
              "status": "passed"
            },
            "line": 5,
            "name": "User opens Exercise home page",
            "match": {
              "location": "BrowserFixture.user_opens_warehouse_home_page()"
            },
            "keyword": "Given "
          }
        ]
      },
      {
        "line": 8,
        "name": "Verify the right count of values",
        "description": "",
        "id": "exercise;verify-the-right-count-of-values",
        "type": "scenario",
        "keyword": "Scenario",
        "steps": [
          {
            "result": {
              "duration": 195271084,
              "error_message": "java.lang.AssertionError: The following asserts failed:\n\tlbl_val_1 is not present on the screen expected [true] but found [false],\n\tlbl_val_2 is not present on the screen expected [true] but found [false],\n\tlbl_val_3 is not present on the screen expected [true] but found [false],\n\tlbl_val_4 is not present on the screen expected [true] but found [false],\n\tlbl_val_5 is not present on the screen expected [true] but found [false]\r\n\tat org.testng.asserts.SoftAssert.assertAll(SoftAssert.java:43)\r\n\tat com.vinay.test.VerifyValues.user_should_see_Value_to_Value(VerifyValues.java:36)\r\n\tat ✽.Then user should see Value 1 to Value 5(VerifyValues.feature:9)\r\n",
              "status": "failed"
            },
            "line": 9,
            "name": "user should see Value 1 to Value 5",
            "match": {
              "arguments": [
                {
                  "val": "1",
                  "offset": 22
                },
                {
                  "val": "5",
                  "offset": 33
                }
              ],
              "location": "VerifyValues.user_should_see_Value_to_Value(int,int)"
            },
            "keyword": "Then "
          }
        ],
        "tags": [
          {
            "line": 7,
            "name": "@TC-100"
          }
        ]
      },
      {
        "line": 4,
        "name": "",
        "description": "",
        "type": "background",
        "keyword": "Background",
        "steps": [
          {
            "result": {
              "duration": 17677974526,
              "status": "passed"
            },
            "line": 5,
            "name": "User opens Exercise home page",
            "match": {
              "location": "BrowserFixture.user_opens_warehouse_home_page()"
            },
            "keyword": "Given "
          }
        ]
      },
      {
        "line": 12,
        "name": "Verify the values on the screen are greater than 0",
        "description": "",
        "id": "exercise;verify-the-values-on-the-screen-are-greater-than-0",
        "type": "scenario",
        "keyword": "Scenario",
        "steps": [
          {
            "result": {
              "duration": 5242846510,
              "error_message": "org.openqa.selenium.TimeoutException: Expected condition failed: waiting for presence of element located by: By.id: txt_val_1 (tried for 5 second(s) with 500 milliseconds interval)\r\n\tat org.openqa.selenium.support.ui.WebDriverWait.timeoutException(WebDriverWait.java:113)\r\n\tat org.openqa.selenium.support.ui.FluentWait.until(FluentWait.java:283)\r\n\tat com.vinay.WaitHandler.waitForElementPresence(WaitHandler.java:25)\r\n\tat com.vinay.pages.BasePage.findElement(BasePage.java:26)\r\n\tat com.vinay.pages.LandingPage.getValue(LandingPage.java:38)\r\n\tat com.vinay.test.VerifyValues.user_should_see_all_values_on_the_screen_are_more_than(VerifyValues.java:45)\r\n\tat ✽.Then user should see all values on the screen are more than 0(VerifyValues.feature:13)\r\nCaused by: org.openqa.selenium.NoSuchElementException: Cannot locate an element using By.id: txt_val_1\nFor documentation on this error, please visit: http://seleniumhq.org/exceptions/no_such_element.html\nBuild info: version: \u00273.14.0\u0027, revision: \u0027aacccce0\u0027, time: \u00272018-08-02T20:19:58.91Z\u0027\nSystem info: host: \u0027L37530WIN\u0027, ip: \u002710.224.201.246\u0027, os.name: \u0027Windows 10\u0027, os.arch: \u0027amd64\u0027, os.version: \u002710.0\u0027, java.version: \u00271.8.0_202\u0027\nDriver info: driver.version: unknown\r\n\tat org.openqa.selenium.support.ui.ExpectedConditions.lambda$findElement$0(ExpectedConditions.java:896)\r\n\tat java.util.Optional.orElseThrow(Optional.java:290)\r\n\tat org.openqa.selenium.support.ui.ExpectedConditions.findElement(ExpectedConditions.java:895)\r\n\tat org.openqa.selenium.support.ui.ExpectedConditions.access$000(ExpectedConditions.java:44)\r\n\tat org.openqa.selenium.support.ui.ExpectedConditions$6.apply(ExpectedConditions.java:183)\r\n\tat org.openqa.selenium.support.ui.ExpectedConditions$6.apply(ExpectedConditions.java:180)\r\n\tat org.openqa.selenium.support.ui.FluentWait.until(FluentWait.java:260)\r\n\tat com.vinay.WaitHandler.waitForElementPresence(WaitHandler.java:25)\r\n\tat com.vinay.pages.BasePage.findElement(BasePage.java:26)\r\n\tat com.vinay.pages.LandingPage.getValue(LandingPage.java:38)\r\n\tat com.vinay.test.VerifyValues.user_should_see_all_values_on_the_screen_are_more_than(VerifyValues.java:45)\r\n\tat sun.reflect.NativeMethodAccessorImpl.invoke0(Native Method)\r\n\tat sun.reflect.NativeMethodAccessorImpl.invoke(NativeMethodAccessorImpl.java:62)\r\n\tat sun.reflect.DelegatingMethodAccessorImpl.invoke(DelegatingMethodAccessorImpl.java:43)\r\n\tat java.lang.reflect.Method.invoke(Method.java:498)\r\n\tat cucumber.runtime.Utils$1.call(Utils.java:37)\r\n\tat cucumber.runtime.Timeout.timeout(Timeout.java:13)\r\n\tat cucumber.runtime.Utils.invoke(Utils.java:31)\r\n\tat cucumber.runtime.java.JavaStepDefinition.execute(JavaStepDefinition.java:38)\r\n\tat cucumber.runtime.StepDefinitionMatch.runStep(StepDefinitionMatch.java:37)\r\n\tat cucumber.runtime.Runtime.runStep(Runtime.java:299)\r\n\tat cucumber.runtime.model.StepContainer.runStep(StepContainer.java:44)\r\n\tat cucumber.runtime.model.StepContainer.runSteps(StepContainer.java:39)\r\n\tat cucumber.runtime.model.CucumberScenario.run(CucumberScenario.java:44)\r\n\tat cucumber.runtime.junit.ExecutionUnitRunner.run(ExecutionUnitRunner.java:91)\r\n\tat cucumber.runtime.junit.FeatureRunner.runChild(FeatureRunner.java:63)\r\n\tat cucumber.runtime.junit.FeatureRunner.runChild(FeatureRunner.java:18)\r\n\tat org.junit.runners.ParentRunner$3.run(ParentRunner.java:238)\r\n\tat org.junit.runners.ParentRunner$1.schedule(ParentRunner.java:63)\r\n\tat org.junit.runners.ParentRunner.runChildren(ParentRunner.java:236)\r\n\tat org.junit.runners.ParentRunner.access$000(ParentRunner.java:53)\r\n\tat org.junit.runners.ParentRunner$2.evaluate(ParentRunner.java:229)\r\n\tat org.junit.runners.ParentRunner.run(ParentRunner.java:309)\r\n\tat cucumber.runtime.junit.FeatureRunner.run(FeatureRunner.java:70)\r\n\tat cucumber.api.junit.Cucumber.runChild(Cucumber.java:93)\r\n\tat cucumber.api.junit.Cucumber.runChild(Cucumber.java:37)\r\n\tat org.junit.runners.ParentRunner$3.run(ParentRunner.java:238)\r\n\tat org.junit.runners.ParentRunner$1.schedule(ParentRunner.java:63)\r\n\tat org.junit.runners.ParentRunner.runChildren(ParentRunner.java:236)\r\n\tat org.junit.runners.ParentRunner.access$000(ParentRunner.java:53)\r\n\tat org.junit.runners.ParentRunner$2.evaluate(ParentRunner.java:229)\r\n\tat org.junit.runners.ParentRunner.run(ParentRunner.java:309)\r\n\tat cucumber.api.junit.Cucumber.run(Cucumber.java:98)\r\n\tat org.junit.runner.JUnitCore.run(JUnitCore.java:160)\r\n\tat org.junit.runner.JUnitCore.run(JUnitCore.java:138)\r\n\tat org.testng.junit.JUnit4TestRunner.start(JUnit4TestRunner.java:82)\r\n\tat org.testng.junit.JUnit4TestRunner.run(JUnit4TestRunner.java:70)\r\n\tat org.testng.TestRunner$1.run(TestRunner.java:570)\r\n\tat org.testng.TestRunner.runJUnitWorkers(TestRunner.java:717)\r\n\tat org.testng.TestRunner.privateRunJUnit(TestRunner.java:601)\r\n\tat org.testng.TestRunner.run(TestRunner.java:502)\r\n\tat org.testng.SuiteRunner.runTest(SuiteRunner.java:455)\r\n\tat org.testng.SuiteRunner.runSequentially(SuiteRunner.java:450)\r\n\tat org.testng.SuiteRunner.privateRun(SuiteRunner.java:415)\r\n\tat org.testng.SuiteRunner.run(SuiteRunner.java:364)\r\n\tat org.testng.SuiteRunnerWorker.runSuite(SuiteRunnerWorker.java:52)\r\n\tat org.testng.SuiteRunnerWorker.run(SuiteRunnerWorker.java:84)\r\n\tat org.testng.TestNG.runSuitesSequentially(TestNG.java:1208)\r\n\tat org.testng.TestNG.runSuitesLocally(TestNG.java:1137)\r\n\tat org.testng.TestNG.runSuites(TestNG.java:1049)\r\n\tat org.testng.TestNG.run(TestNG.java:1017)\r\n\tat org.apache.maven.surefire.testng.TestNGExecutor.run(TestNGExecutor.java:115)\r\n\tat org.apache.maven.surefire.testng.TestNGDirectoryTestSuite.executeSingleClass(TestNGDirectoryTestSuite.java:129)\r\n\tat org.apache.maven.surefire.testng.TestNGDirectoryTestSuite.execute(TestNGDirectoryTestSuite.java:113)\r\n\tat org.apache.maven.surefire.testng.TestNGProvider.invoke(TestNGProvider.java:111)\r\n\tat org.apache.maven.surefire.booter.ForkedBooter.invokeProviderInSameClassLoader(ForkedBooter.java:203)\r\n\tat org.apache.maven.surefire.booter.ForkedBooter.runSuitesInProcess(ForkedBooter.java:155)\r\n\tat org.apache.maven.surefire.booter.ForkedBooter.main(ForkedBooter.java:103)\r\n",
              "status": "failed"
            },
            "line": 13,
            "name": "user should see all values on the screen are more than 0",
            "match": {
              "arguments": [
                {
                  "val": "0",
                  "offset": 55
                }
              ],
              "location": "VerifyValues.user_should_see_all_values_on_the_screen_are_more_than(int)"
            },
            "keyword": "Then "
          }
        ],
        "tags": [
          {
            "line": 11,
            "name": "@TC-101"
          }
        ]
      },
      {
        "line": 4,
        "name": "",
        "description": "",
        "type": "background",
        "keyword": "Background",
        "steps": [
          {
            "result": {
              "duration": 18724151072,
              "status": "passed"
            },
            "line": 5,
            "name": "User opens Exercise home page",
            "match": {
              "location": "BrowserFixture.user_opens_warehouse_home_page()"
            },
            "keyword": "Given "
          }
        ]
      },
      {
        "line": 16,
        "name": "Verify the values are formatted as currencies",
        "description": "",
        "id": "exercise;verify-the-values-are-formatted-as-currencies",
        "type": "scenario",
        "keyword": "Scenario",
        "steps": [
          {
            "result": {
              "duration": 5174907455,
              "error_message": "org.openqa.selenium.TimeoutException: Expected condition failed: waiting for presence of element located by: By.id: txt_val_1 (tried for 5 second(s) with 500 milliseconds interval)\r\n\tat org.openqa.selenium.support.ui.WebDriverWait.timeoutException(WebDriverWait.java:113)\r\n\tat org.openqa.selenium.support.ui.FluentWait.until(FluentWait.java:283)\r\n\tat com.vinay.WaitHandler.waitForElementPresence(WaitHandler.java:25)\r\n\tat com.vinay.pages.BasePage.findElement(BasePage.java:26)\r\n\tat com.vinay.pages.LandingPage.getValueText(LandingPage.java:49)\r\n\tat com.vinay.test.VerifyValues.user_should_see_values_in_curreny_format(VerifyValues.java:57)\r\n\tat ✽.Then user should see values in curreny format(VerifyValues.feature:17)\r\nCaused by: org.openqa.selenium.NoSuchElementException: Cannot locate an element using By.id: txt_val_1\nFor documentation on this error, please visit: http://seleniumhq.org/exceptions/no_such_element.html\nBuild info: version: \u00273.14.0\u0027, revision: \u0027aacccce0\u0027, time: \u00272018-08-02T20:19:58.91Z\u0027\nSystem info: host: \u0027L37530WIN\u0027, ip: \u002710.224.201.246\u0027, os.name: \u0027Windows 10\u0027, os.arch: \u0027amd64\u0027, os.version: \u002710.0\u0027, java.version: \u00271.8.0_202\u0027\nDriver info: driver.version: unknown\r\n\tat org.openqa.selenium.support.ui.ExpectedConditions.lambda$findElement$0(ExpectedConditions.java:896)\r\n\tat java.util.Optional.orElseThrow(Optional.java:290)\r\n\tat org.openqa.selenium.support.ui.ExpectedConditions.findElement(ExpectedConditions.java:895)\r\n\tat org.openqa.selenium.support.ui.ExpectedConditions.access$000(ExpectedConditions.java:44)\r\n\tat org.openqa.selenium.support.ui.ExpectedConditions$6.apply(ExpectedConditions.java:183)\r\n\tat org.openqa.selenium.support.ui.ExpectedConditions$6.apply(ExpectedConditions.java:180)\r\n\tat org.openqa.selenium.support.ui.FluentWait.until(FluentWait.java:260)\r\n\tat com.vinay.WaitHandler.waitForElementPresence(WaitHandler.java:25)\r\n\tat com.vinay.pages.BasePage.findElement(BasePage.java:26)\r\n\tat com.vinay.pages.LandingPage.getValueText(LandingPage.java:49)\r\n\tat com.vinay.test.VerifyValues.user_should_see_values_in_curreny_format(VerifyValues.java:57)\r\n\tat sun.reflect.NativeMethodAccessorImpl.invoke0(Native Method)\r\n\tat sun.reflect.NativeMethodAccessorImpl.invoke(NativeMethodAccessorImpl.java:62)\r\n\tat sun.reflect.DelegatingMethodAccessorImpl.invoke(DelegatingMethodAccessorImpl.java:43)\r\n\tat java.lang.reflect.Method.invoke(Method.java:498)\r\n\tat cucumber.runtime.Utils$1.call(Utils.java:37)\r\n\tat cucumber.runtime.Timeout.timeout(Timeout.java:13)\r\n\tat cucumber.runtime.Utils.invoke(Utils.java:31)\r\n\tat cucumber.runtime.java.JavaStepDefinition.execute(JavaStepDefinition.java:38)\r\n\tat cucumber.runtime.StepDefinitionMatch.runStep(StepDefinitionMatch.java:37)\r\n\tat cucumber.runtime.Runtime.runStep(Runtime.java:299)\r\n\tat cucumber.runtime.model.StepContainer.runStep(StepContainer.java:44)\r\n\tat cucumber.runtime.model.StepContainer.runSteps(StepContainer.java:39)\r\n\tat cucumber.runtime.model.CucumberScenario.run(CucumberScenario.java:44)\r\n\tat cucumber.runtime.junit.ExecutionUnitRunner.run(ExecutionUnitRunner.java:91)\r\n\tat cucumber.runtime.junit.FeatureRunner.runChild(FeatureRunner.java:63)\r\n\tat cucumber.runtime.junit.FeatureRunner.runChild(FeatureRunner.java:18)\r\n\tat org.junit.runners.ParentRunner$3.run(ParentRunner.java:238)\r\n\tat org.junit.runners.ParentRunner$1.schedule(ParentRunner.java:63)\r\n\tat org.junit.runners.ParentRunner.runChildren(ParentRunner.java:236)\r\n\tat org.junit.runners.ParentRunner.access$000(ParentRunner.java:53)\r\n\tat org.junit.runners.ParentRunner$2.evaluate(ParentRunner.java:229)\r\n\tat org.junit.runners.ParentRunner.run(ParentRunner.java:309)\r\n\tat cucumber.runtime.junit.FeatureRunner.run(FeatureRunner.java:70)\r\n\tat cucumber.api.junit.Cucumber.runChild(Cucumber.java:93)\r\n\tat cucumber.api.junit.Cucumber.runChild(Cucumber.java:37)\r\n\tat org.junit.runners.ParentRunner$3.run(ParentRunner.java:238)\r\n\tat org.junit.runners.ParentRunner$1.schedule(ParentRunner.java:63)\r\n\tat org.junit.runners.ParentRunner.runChildren(ParentRunner.java:236)\r\n\tat org.junit.runners.ParentRunner.access$000(ParentRunner.java:53)\r\n\tat org.junit.runners.ParentRunner$2.evaluate(ParentRunner.java:229)\r\n\tat org.junit.runners.ParentRunner.run(ParentRunner.java:309)\r\n\tat cucumber.api.junit.Cucumber.run(Cucumber.java:98)\r\n\tat org.junit.runner.JUnitCore.run(JUnitCore.java:160)\r\n\tat org.junit.runner.JUnitCore.run(JUnitCore.java:138)\r\n\tat org.testng.junit.JUnit4TestRunner.start(JUnit4TestRunner.java:82)\r\n\tat org.testng.junit.JUnit4TestRunner.run(JUnit4TestRunner.java:70)\r\n\tat org.testng.TestRunner$1.run(TestRunner.java:570)\r\n\tat org.testng.TestRunner.runJUnitWorkers(TestRunner.java:717)\r\n\tat org.testng.TestRunner.privateRunJUnit(TestRunner.java:601)\r\n\tat org.testng.TestRunner.run(TestRunner.java:502)\r\n\tat org.testng.SuiteRunner.runTest(SuiteRunner.java:455)\r\n\tat org.testng.SuiteRunner.runSequentially(SuiteRunner.java:450)\r\n\tat org.testng.SuiteRunner.privateRun(SuiteRunner.java:415)\r\n\tat org.testng.SuiteRunner.run(SuiteRunner.java:364)\r\n\tat org.testng.SuiteRunnerWorker.runSuite(SuiteRunnerWorker.java:52)\r\n\tat org.testng.SuiteRunnerWorker.run(SuiteRunnerWorker.java:84)\r\n\tat org.testng.TestNG.runSuitesSequentially(TestNG.java:1208)\r\n\tat org.testng.TestNG.runSuitesLocally(TestNG.java:1137)\r\n\tat org.testng.TestNG.runSuites(TestNG.java:1049)\r\n\tat org.testng.TestNG.run(TestNG.java:1017)\r\n\tat org.apache.maven.surefire.testng.TestNGExecutor.run(TestNGExecutor.java:115)\r\n\tat org.apache.maven.surefire.testng.TestNGDirectoryTestSuite.executeSingleClass(TestNGDirectoryTestSuite.java:129)\r\n\tat org.apache.maven.surefire.testng.TestNGDirectoryTestSuite.execute(TestNGDirectoryTestSuite.java:113)\r\n\tat org.apache.maven.surefire.testng.TestNGProvider.invoke(TestNGProvider.java:111)\r\n\tat org.apache.maven.surefire.booter.ForkedBooter.invokeProviderInSameClassLoader(ForkedBooter.java:203)\r\n\tat org.apache.maven.surefire.booter.ForkedBooter.runSuitesInProcess(ForkedBooter.java:155)\r\n\tat org.apache.maven.surefire.booter.ForkedBooter.main(ForkedBooter.java:103)\r\n",
              "status": "failed"
            },
            "line": 17,
            "name": "user should see values in curreny format",
            "match": {
              "location": "VerifyValues.user_should_see_values_in_curreny_format()"
            },
            "keyword": "Then "
          }
        ],
        "tags": [
          {
            "line": 15,
            "name": "@TC-102"
          }
        ]
      },
      {
        "line": 4,
        "name": "",
        "description": "",
        "type": "background",
        "keyword": "Background",
        "steps": [
          {
            "result": {
              "duration": 16573453801,
              "status": "passed"
            },
            "line": 5,
            "name": "User opens Exercise home page",
            "match": {
              "location": "BrowserFixture.user_opens_warehouse_home_page()"
            },
            "keyword": "Given "
          }
        ]
      },
      {
        "line": 20,
        "name": "Verify the total balance matches the sum of the values",
        "description": "",
        "id": "exercise;verify-the-total-balance-matches-the-sum-of-the-values",
        "type": "scenario",
        "keyword": "Scenario",
        "steps": [
          {
            "result": {
              "duration": 5251260214,
              "error_message": "org.openqa.selenium.TimeoutException: Expected condition failed: waiting for presence of element located by: By.id: txt_val_1 (tried for 5 second(s) with 500 milliseconds interval)\r\n\tat org.openqa.selenium.support.ui.WebDriverWait.timeoutException(WebDriverWait.java:113)\r\n\tat org.openqa.selenium.support.ui.FluentWait.until(FluentWait.java:283)\r\n\tat com.vinay.WaitHandler.waitForElementPresence(WaitHandler.java:25)\r\n\tat com.vinay.pages.BasePage.findElement(BasePage.java:26)\r\n\tat com.vinay.pages.LandingPage.getValue(LandingPage.java:38)\r\n\tat com.vinay.test.VerifyValues.user_should_see_total_balance_equals_sum_of_values_on_screen(VerifyValues.java:70)\r\n\tat ✽.Then user should see total balance equals to sum of values on the screen(VerifyValues.feature:21)\r\nCaused by: org.openqa.selenium.NoSuchElementException: Cannot locate an element using By.id: txt_val_1\nFor documentation on this error, please visit: http://seleniumhq.org/exceptions/no_such_element.html\nBuild info: version: \u00273.14.0\u0027, revision: \u0027aacccce0\u0027, time: \u00272018-08-02T20:19:58.91Z\u0027\nSystem info: host: \u0027L37530WIN\u0027, ip: \u002710.224.201.246\u0027, os.name: \u0027Windows 10\u0027, os.arch: \u0027amd64\u0027, os.version: \u002710.0\u0027, java.version: \u00271.8.0_202\u0027\nDriver info: driver.version: unknown\r\n\tat org.openqa.selenium.support.ui.ExpectedConditions.lambda$findElement$0(ExpectedConditions.java:896)\r\n\tat java.util.Optional.orElseThrow(Optional.java:290)\r\n\tat org.openqa.selenium.support.ui.ExpectedConditions.findElement(ExpectedConditions.java:895)\r\n\tat org.openqa.selenium.support.ui.ExpectedConditions.access$000(ExpectedConditions.java:44)\r\n\tat org.openqa.selenium.support.ui.ExpectedConditions$6.apply(ExpectedConditions.java:183)\r\n\tat org.openqa.selenium.support.ui.ExpectedConditions$6.apply(ExpectedConditions.java:180)\r\n\tat org.openqa.selenium.support.ui.FluentWait.until(FluentWait.java:260)\r\n\tat com.vinay.WaitHandler.waitForElementPresence(WaitHandler.java:25)\r\n\tat com.vinay.pages.BasePage.findElement(BasePage.java:26)\r\n\tat com.vinay.pages.LandingPage.getValue(LandingPage.java:38)\r\n\tat com.vinay.test.VerifyValues.user_should_see_total_balance_equals_sum_of_values_on_screen(VerifyValues.java:70)\r\n\tat sun.reflect.NativeMethodAccessorImpl.invoke0(Native Method)\r\n\tat sun.reflect.NativeMethodAccessorImpl.invoke(NativeMethodAccessorImpl.java:62)\r\n\tat sun.reflect.DelegatingMethodAccessorImpl.invoke(DelegatingMethodAccessorImpl.java:43)\r\n\tat java.lang.reflect.Method.invoke(Method.java:498)\r\n\tat cucumber.runtime.Utils$1.call(Utils.java:37)\r\n\tat cucumber.runtime.Timeout.timeout(Timeout.java:13)\r\n\tat cucumber.runtime.Utils.invoke(Utils.java:31)\r\n\tat cucumber.runtime.java.JavaStepDefinition.execute(JavaStepDefinition.java:38)\r\n\tat cucumber.runtime.StepDefinitionMatch.runStep(StepDefinitionMatch.java:37)\r\n\tat cucumber.runtime.Runtime.runStep(Runtime.java:299)\r\n\tat cucumber.runtime.model.StepContainer.runStep(StepContainer.java:44)\r\n\tat cucumber.runtime.model.StepContainer.runSteps(StepContainer.java:39)\r\n\tat cucumber.runtime.model.CucumberScenario.run(CucumberScenario.java:44)\r\n\tat cucumber.runtime.junit.ExecutionUnitRunner.run(ExecutionUnitRunner.java:91)\r\n\tat cucumber.runtime.junit.FeatureRunner.runChild(FeatureRunner.java:63)\r\n\tat cucumber.runtime.junit.FeatureRunner.runChild(FeatureRunner.java:18)\r\n\tat org.junit.runners.ParentRunner$3.run(ParentRunner.java:238)\r\n\tat org.junit.runners.ParentRunner$1.schedule(ParentRunner.java:63)\r\n\tat org.junit.runners.ParentRunner.runChildren(ParentRunner.java:236)\r\n\tat org.junit.runners.ParentRunner.access$000(ParentRunner.java:53)\r\n\tat org.junit.runners.ParentRunner$2.evaluate(ParentRunner.java:229)\r\n\tat org.junit.runners.ParentRunner.run(ParentRunner.java:309)\r\n\tat cucumber.runtime.junit.FeatureRunner.run(FeatureRunner.java:70)\r\n\tat cucumber.api.junit.Cucumber.runChild(Cucumber.java:93)\r\n\tat cucumber.api.junit.Cucumber.runChild(Cucumber.java:37)\r\n\tat org.junit.runners.ParentRunner$3.run(ParentRunner.java:238)\r\n\tat org.junit.runners.ParentRunner$1.schedule(ParentRunner.java:63)\r\n\tat org.junit.runners.ParentRunner.runChildren(ParentRunner.java:236)\r\n\tat org.junit.runners.ParentRunner.access$000(ParentRunner.java:53)\r\n\tat org.junit.runners.ParentRunner$2.evaluate(ParentRunner.java:229)\r\n\tat org.junit.runners.ParentRunner.run(ParentRunner.java:309)\r\n\tat cucumber.api.junit.Cucumber.run(Cucumber.java:98)\r\n\tat org.junit.runner.JUnitCore.run(JUnitCore.java:160)\r\n\tat org.junit.runner.JUnitCore.run(JUnitCore.java:138)\r\n\tat org.testng.junit.JUnit4TestRunner.start(JUnit4TestRunner.java:82)\r\n\tat org.testng.junit.JUnit4TestRunner.run(JUnit4TestRunner.java:70)\r\n\tat org.testng.TestRunner$1.run(TestRunner.java:570)\r\n\tat org.testng.TestRunner.runJUnitWorkers(TestRunner.java:717)\r\n\tat org.testng.TestRunner.privateRunJUnit(TestRunner.java:601)\r\n\tat org.testng.TestRunner.run(TestRunner.java:502)\r\n\tat org.testng.SuiteRunner.runTest(SuiteRunner.java:455)\r\n\tat org.testng.SuiteRunner.runSequentially(SuiteRunner.java:450)\r\n\tat org.testng.SuiteRunner.privateRun(SuiteRunner.java:415)\r\n\tat org.testng.SuiteRunner.run(SuiteRunner.java:364)\r\n\tat org.testng.SuiteRunnerWorker.runSuite(SuiteRunnerWorker.java:52)\r\n\tat org.testng.SuiteRunnerWorker.run(SuiteRunnerWorker.java:84)\r\n\tat org.testng.TestNG.runSuitesSequentially(TestNG.java:1208)\r\n\tat org.testng.TestNG.runSuitesLocally(TestNG.java:1137)\r\n\tat org.testng.TestNG.runSuites(TestNG.java:1049)\r\n\tat org.testng.TestNG.run(TestNG.java:1017)\r\n\tat org.apache.maven.surefire.testng.TestNGExecutor.run(TestNGExecutor.java:115)\r\n\tat org.apache.maven.surefire.testng.TestNGDirectoryTestSuite.executeSingleClass(TestNGDirectoryTestSuite.java:129)\r\n\tat org.apache.maven.surefire.testng.TestNGDirectoryTestSuite.execute(TestNGDirectoryTestSuite.java:113)\r\n\tat org.apache.maven.surefire.testng.TestNGProvider.invoke(TestNGProvider.java:111)\r\n\tat org.apache.maven.surefire.booter.ForkedBooter.invokeProviderInSameClassLoader(ForkedBooter.java:203)\r\n\tat org.apache.maven.surefire.booter.ForkedBooter.runSuitesInProcess(ForkedBooter.java:155)\r\n\tat org.apache.maven.surefire.booter.ForkedBooter.main(ForkedBooter.java:103)\r\n",
              "status": "failed"
            },
            "line": 21,
            "name": "user should see total balance equals to sum of values on the screen",
            "match": {
              "location": "VerifyValues.user_should_see_total_balance_equals_sum_of_values_on_screen()"
            },
            "keyword": "Then "
          }
        ],
        "tags": [
          {
            "line": 19,
            "name": "@TC-103"
          }
        ]
      }
    ],
    "name": "Exercise",
    "description": "",
    "id": "exercise",
    "keyword": "Feature",
    "uri": "VerifyValues.feature",
    "tags": [
      {
        "line": 1,
        "name": "@exercise"
      },
      {
        "line": 1,
        "name": "@smoke"
      }
    ]
  }
]